<?xml version="1.0" encoding="UTF-8"?>
<!-- Generated by org.testng.reporters.JUnitReportReporter -->
<testsuite skipped="0" hostname="DESKTOP-JPUHBTB" name="com_PearsonTest.com_Pearson_Search_Next" tests="1" failures="0" timestamp="13 Mar 2021 08:06:13 GMT" time="11.755" errors="0">
  <testcase name="searchtestcase" time="11.755" classname="com_PearsonTest.com_Pearson_Search_Next"/>
</testsuite> <!-- com_PearsonTest.com_Pearson_Search_Next -->
