<?xml version="1.0" encoding="UTF-8"?>
<!-- Generated by org.testng.reporters.JUnitReportReporter -->
<testsuite skipped="0" hostname="DESKTOP-JPUHBTB" name="com_PearsonTest.com_Pearson_SearchTest" tests="3" failures="0" timestamp="13 Mar 2021 09:38:06 GMT" time="33.189" errors="0">
  <testcase name="searchtestcase" time="12.326" classname="com_PearsonTest.com_Pearson_SearchTest"/>
  <testcase name="searchnexttestcase" time="10.684" classname="com_PearsonTest.com_Pearson_SearchTest"/>
  <testcase name="searchThirdprodtestcase" time="10.179" classname="com_PearsonTest.com_Pearson_SearchTest"/>
</testsuite> <!-- com_PearsonTest.com_Pearson_SearchTest -->
